<?xml version="1.0" encoding="UTF-8"?>
<!-- Generated by org.testng.reporters.JUnitReportReporter -->
<testsuite hostname="DESKTOP-UN7EEPB" failures="0" tests="1" name="testCases.TC_002_LoginTest" time="5.614" errors="0" timestamp="2022-09-14T20:30:41 IST" skipped="0">
  <testcase classname="testCases.TC_002_LoginTest" name="LoginTest" time="5.614"/>
  <system-out/>
</testsuite> <!-- testCases.TC_002_LoginTest -->
