<?xml version="1.0" encoding="UTF-8"?>
<!-- Generated by org.testng.reporters.JUnitReportReporter -->
<testsuite hostname="DESKTOP-UN7EEPB" failures="0" tests="5" name="testCases.TC_003_LoginDatadrivenTest" time="41.741" errors="0" timestamp="2022-09-10T19:47:16 IST" skipped="0">
  <testcase classname="testCases.TC_003_LoginDatadrivenTest" name="LoginDatadriven" time="2.936"/>
  <system-out/>
  <testcase classname="testCases.TC_003_LoginDatadrivenTest" name="LoginDatadriven" time="12.444"/>
  <system-out/>
  <testcase classname="testCases.TC_003_LoginDatadrivenTest" name="LoginDatadriven" time="8.579"/>
  <system-out/>
  <testcase classname="testCases.TC_003_LoginDatadrivenTest" name="LoginDatadriven" time="8.584"/>
  <system-out/>
  <testcase classname="testCases.TC_003_LoginDatadrivenTest" name="LoginDatadriven" time="9.198"/>
  <system-out/>
</testsuite> <!-- testCases.TC_003_LoginDatadrivenTest -->
