<?xml version="1.0" encoding="UTF-8"?>
<!-- Generated by org.testng.reporters.JUnitReportReporter -->
<testsuite hostname="DESKTOP-UN7EEPB" failures="0" tests="1" name="testCases.TC_002_LoginTest" time="4.145" errors="0" timestamp="2022-09-16T16:20:58 IST" skipped="0">
  <testcase classname="testCases.TC_002_LoginTest" name="LoginTest" time="4.145"/>
  <system-out/>
</testsuite> <!-- testCases.TC_002_LoginTest -->
